2025-06-04T11:00:02.314884 | NO ENTRIES | HHS: https://www.hhs.gov/rss/blog.xml
2025-06-04T11:00:05.865540 | NO ENTRIES | FDA: https://www.fda.gov/news-events/press-announcements.rss
2025-06-04T11:00:06.277157 | NO ENTRIES | CMS: https://www.cms.gov/newsroom/rss-feed
2025-06-04T11:00:09.855693 | NO ENTRIES | HealthCanada: https://www.canada.ca/en/health-canada/news.rss
2025-06-04T11:00:10.851086 | NO ENTRIES | AHA: https://www.aha.org/rss.xml
2025-06-04T11:00:12.364070 | NO ENTRIES | MedPageToday: https://www.medpagetoday.com/rss
2025-06-04T11:00:12.795481 | NO ENTRIES | NEJM: https://www.nejm.org/nejm/rss.xml
2025-06-04T11:00:13.435661 | NO ENTRIES | JAMA: https://jamanetwork.com/rss/site_12/0.xml
2025-06-04T11:00:14.294561 | NO ENTRIES | Healio: https://www.healio.com/rss
2025-06-04T11:00:14.360003 | NO ENTRIES | ModernHealthcare: https://www.modernhealthcare.com/section/rss
2025-06-04T11:00:14.920493 | NO ENTRIES | FiercePharma: https://www.fiercepharma.com/rss
2025-06-04T11:00:15.574308 | NO ENTRIES | FierceBiotech: https://www.fiercebiotech.com/rss
2025-06-04T11:00:16.805060 | NO ENTRIES | Medscape: https://www.medscape.com/rss/public
2025-06-04T11:00:16.864427 | NO ENTRIES | Reuters_HealthNews: http://feeds.reuters.com/reuters/healthNews
2025-06-04T11:00:18.237732 | NO ENTRIES | EpochTimes_Health: https://www.theepochtimes.com/c-health/feed
2025-06-04T11:00:19.112490 | NO ENTRIES | EpochTimes_Science: https://www.theepochtimes.com/c-science/feed
2025-06-04T11:00:19.604692 | NO ENTRIES | WHO_EMRO_News: https://www.emro.who.int/index.php?option=com_mediarss&feed_id=1&format=raw
2025-06-04T11:00:20.073513 | NO ENTRIES | WHO_EMRO_Publications: https://www.emro.who.int/index.php?option=com_mediarss&feed_id=2&format=raw
2025-06-04T11:00:20.944772 | NO ENTRIES | WHO_EMRO_Events: https://www.emro.who.int/index.php?option=com_mediarss&feed_id=3&format=raw
2025-06-04T11:00:21.431920 | NO ENTRIES | WHO_EMRO_Statements: https://www.emro.who.int/index.php?option=com_mediarss&feed_id=4&format=raw
2025-06-04T11:00:21.933079 | NO ENTRIES | WHO_EMRO_PressReleases: https://www.emro.who.int/index.php?option=com_mediarss&feed_id=5&format=raw
2025-06-04T11:00:22.107830 | NO ENTRIES | HealthcareITNews: https://www.healthcareitnews.com/rss
2025-06-04T11:00:22.794857 | NO ENTRIES | HealthITAnalytics: https://healthitanalytics.com/rss
2025-06-04T11:00:23.497070 | NO ENTRIES | HealthcareInformatics: https://www.hcinnovationgroup.com/rss
2025-06-04T11:00:23.851319 | NO ENTRIES | MedTechDive: https://www.medtechdive.com/rss
2025-06-04T11:00:24.198169 | NO ENTRIES | FierceHealthcare: https://www.fiercehealthcare.com/rss
2025-06-04T11:00:24.400556 | NO ENTRIES | HealthDataManagement: https://www.healthdatamanagement.com/rss
2025-06-04T11:00:24.772171 | NO ENTRIES | JournalAHIMA: https://journal.ahima.org/rss
2025-06-04T11:00:26.895674 | NO ENTRIES | ONC: https://www.healthit.gov/rss
2025-06-04T11:00:28.007007 | NO ENTRIES | HealthTechMagazine: https://healthtechmagazine.net/rss
2025-06-04T11:00:28.615521 | NO ENTRIES | MobiHealthNews: https://www.mobihealthnews.com/rss
2025-06-04T11:00:28.756123 | NO ENTRIES | HealthcareEconomist: https://healthcare-economist.com/feed
2025-06-04T11:00:29.444260 | NO ENTRIES | HealthITSecurity: https://healthitsecurity.com/rss
2025-06-04T11:00:29.718194 | NO ENTRIES | HealthcareFinanceNews: https://www.healthcarefinancenews.com/rss
2025-06-04T11:00:29.903564 | NO ENTRIES | NEJMCatalyst: https://catalyst.nejm.org/rss
2025-06-04T11:00:30.386829 | NO ENTRIES | HarvardHealthBlog: https://www.health.harvard.edu/blog/feed
2025-06-04T18:23:19.140694 | NO ENTRIES | HHS: https://www.hhs.gov/rss/blog.xml
2025-06-04T18:23:27.093003 | NO ENTRIES | FDA: https://www.fda.gov/news-events/press-announcements.rss
2025-06-04T18:23:27.346766 | NO ENTRIES | CMS: https://www.cms.gov/newsroom/rss-feed
2025-06-04T18:23:27.588602 | NO ENTRIES | NIH: https://www.nih.gov/news-releases/feed.xml
2025-06-04T18:23:31.812899 | NO ENTRIES | HealthCanada: https://www.canada.ca/en/health-canada/news.rss
2025-06-04T18:23:32.569015 | NO ENTRIES | AHA: https://www.aha.org/rss.xml
2025-06-04T18:23:34.893847 | NO ENTRIES | MedPageToday: https://www.medpagetoday.com/rss
2025-06-04T18:23:35.271144 | NO ENTRIES | NEJM: https://www.nejm.org/nejm/rss.xml
2025-06-04T18:23:35.847975 | NO ENTRIES | JAMA: https://jamanetwork.com/rss/site_12/0.xml
2025-06-04T18:23:36.663293 | NO ENTRIES | Healio: https://www.healio.com/rss
2025-06-04T18:23:36.736563 | NO ENTRIES | ModernHealthcare: https://www.modernhealthcare.com/section/rss
2025-06-04T18:23:37.472072 | NO ENTRIES | FiercePharma: https://www.fiercepharma.com/rss
2025-06-04T18:23:38.272679 | NO ENTRIES | FierceBiotech: https://www.fiercebiotech.com/rss
2025-06-04T18:23:39.387483 | NO ENTRIES | Medscape: https://www.medscape.com/rss/public
2025-06-04T18:23:39.443532 | NO ENTRIES | Reuters_HealthNews: http://feeds.reuters.com/reuters/healthNews
2025-06-04T18:23:40.814135 | NO ENTRIES | EpochTimes_Health: https://www.theepochtimes.com/c-health/feed
2025-06-04T18:23:41.654955 | NO ENTRIES | EpochTimes_Science: https://www.theepochtimes.com/c-science/feed
2025-06-04T18:23:42.460056 | NO ENTRIES | WHO_EMRO_News: https://www.emro.who.int/index.php?option=com_mediarss&feed_id=1&format=raw
2025-06-04T18:23:43.073041 | NO ENTRIES | WHO_EMRO_Publications: https://www.emro.who.int/index.php?option=com_mediarss&feed_id=2&format=raw
2025-06-04T18:23:43.710903 | NO ENTRIES | WHO_EMRO_Events: https://www.emro.who.int/index.php?option=com_mediarss&feed_id=3&format=raw
2025-06-04T18:23:44.327069 | NO ENTRIES | WHO_EMRO_Statements: https://www.emro.who.int/index.php?option=com_mediarss&feed_id=4&format=raw
2025-06-04T18:23:44.925490 | NO ENTRIES | WHO_EMRO_PressReleases: https://www.emro.who.int/index.php?option=com_mediarss&feed_id=5&format=raw
2025-06-04T18:23:45.810661 | NO ENTRIES | HealthcareITNews: https://www.healthcareitnews.com/rss
2025-06-04T18:23:46.273251 | NO ENTRIES | HealthITAnalytics: https://healthitanalytics.com/rss
2025-06-04T18:23:47.009395 | NO ENTRIES | HealthcareInformatics: https://www.hcinnovationgroup.com/rss
2025-06-04T18:23:47.534690 | NO ENTRIES | MedTechDive: https://www.medtechdive.com/rss
2025-06-04T18:23:48.238140 | NO ENTRIES | FierceHealthcare: https://www.fiercehealthcare.com/rss
2025-06-04T18:23:48.496216 | NO ENTRIES | HealthDataManagement: https://www.healthdatamanagement.com/rss
2025-06-04T18:23:48.906349 | NO ENTRIES | JournalAHIMA: https://journal.ahima.org/rss
2025-06-04T18:23:51.058955 | NO ENTRIES | ONC: https://www.healthit.gov/rss
2025-06-04T18:23:52.907120 | NO ENTRIES | HealthTechMagazine: https://healthtechmagazine.net/rss
2025-06-04T18:23:53.505532 | NO ENTRIES | MobiHealthNews: https://www.mobihealthnews.com/rss
2025-06-04T18:23:53.680547 | NO ENTRIES | HealthcareEconomist: https://healthcare-economist.com/feed
2025-06-04T18:23:54.198684 | NO ENTRIES | HealthITSecurity: https://healthitsecurity.com/rss
2025-06-04T18:23:54.910351 | NO ENTRIES | HealthcareFinanceNews: https://www.healthcarefinancenews.com/rss
2025-06-04T18:23:55.050301 | NO ENTRIES | NEJMCatalyst: https://catalyst.nejm.org/rss
2025-06-04T18:23:55.579438 | NO ENTRIES | HarvardHealthBlog: https://www.health.harvard.edu/blog/feed
2025-06-04T18:51:16.709667 | NO ENTRIES | HHS: https://www.hhs.gov/rss/blog.xml
2025-06-04T18:51:20.257737 | NO ENTRIES | FDA: https://www.fda.gov/news-events/press-announcements.rss
2025-06-04T18:51:20.535786 | NO ENTRIES | CMS: https://www.cms.gov/newsroom/rss-feed
2025-06-04T18:51:20.773139 | NO ENTRIES | NIH: https://www.nih.gov/news-releases/feed.xml
2025-06-04T18:51:24.024965 | NO ENTRIES | HealthCanada: https://www.canada.ca/en/health-canada/news.rss
2025-06-04T18:51:24.740571 | NO ENTRIES | AHA: https://www.aha.org/rss.xml
2025-06-04T18:51:26.324613 | NO ENTRIES | MedPageToday: https://www.medpagetoday.com/rss
2025-06-04T18:51:26.800821 | NO ENTRIES | NEJM: https://www.nejm.org/nejm/rss.xml
2025-06-04T18:51:27.372391 | NO ENTRIES | JAMA: https://jamanetwork.com/rss/site_12/0.xml
2025-06-04T18:51:28.306591 | NO ENTRIES | Healio: https://www.healio.com/rss
2025-06-04T18:51:28.380247 | NO ENTRIES | ModernHealthcare: https://www.modernhealthcare.com/section/rss
2025-06-04T18:51:29.079117 | NO ENTRIES | FiercePharma: https://www.fiercepharma.com/rss
2025-06-04T18:51:29.867811 | NO ENTRIES | FierceBiotech: https://www.fiercebiotech.com/rss
2025-06-04T18:51:31.212152 | NO ENTRIES | Medscape: https://www.medscape.com/rss/public
2025-06-04T18:51:31.235962 | NO ENTRIES | Reuters_HealthNews: http://feeds.reuters.com/reuters/healthNews
2025-06-04T18:51:32.677159 | NO ENTRIES | EpochTimes_Health: https://www.theepochtimes.com/c-health/feed
2025-06-04T18:51:33.577848 | NO ENTRIES | EpochTimes_Science: https://www.theepochtimes.com/c-science/feed
2025-06-04T18:51:34.520411 | NO ENTRIES | WHO_EMRO_News: https://www.emro.who.int/index.php?option=com_mediarss&feed_id=1&format=raw
2025-06-04T18:51:35.472967 | NO ENTRIES | WHO_EMRO_Publications: https://www.emro.who.int/index.php?option=com_mediarss&feed_id=2&format=raw
2025-06-04T18:51:36.435125 | NO ENTRIES | WHO_EMRO_Events: https://www.emro.who.int/index.php?option=com_mediarss&feed_id=3&format=raw
2025-06-04T18:51:37.044266 | NO ENTRIES | WHO_EMRO_Statements: https://www.emro.who.int/index.php?option=com_mediarss&feed_id=4&format=raw
2025-06-04T18:51:37.639316 | NO ENTRIES | WHO_EMRO_PressReleases: https://www.emro.who.int/index.php?option=com_mediarss&feed_id=5&format=raw
2025-06-04T18:51:37.796128 | NO ENTRIES | HealthcareITNews: https://www.healthcareitnews.com/rss
2025-06-04T18:51:38.269782 | NO ENTRIES | HealthITAnalytics: https://healthitanalytics.com/rss
2025-06-04T18:51:38.870206 | NO ENTRIES | HealthcareInformatics: https://www.hcinnovationgroup.com/rss
2025-06-04T18:51:39.294754 | NO ENTRIES | MedTechDive: https://www.medtechdive.com/rss
2025-06-04T18:51:39.948453 | NO ENTRIES | FierceHealthcare: https://www.fiercehealthcare.com/rss
2025-06-04T18:51:40.157872 | NO ENTRIES | HealthDataManagement: https://www.healthdatamanagement.com/rss
2025-06-04T18:51:41.203610 | NO ENTRIES | JournalAHIMA: https://journal.ahima.org/rss
2025-06-04T18:51:43.282190 | NO ENTRIES | ONC: https://www.healthit.gov/rss
2025-06-04T18:51:44.321643 | NO ENTRIES | HealthTechMagazine: https://healthtechmagazine.net/rss
2025-06-04T18:51:44.487907 | NO ENTRIES | MobiHealthNews: https://www.mobihealthnews.com/rss
2025-06-04T18:51:44.628822 | NO ENTRIES | HealthcareEconomist: https://healthcare-economist.com/feed
2025-06-04T18:51:45.086499 | NO ENTRIES | HealthITSecurity: https://healthitsecurity.com/rss
2025-06-04T18:51:45.318360 | NO ENTRIES | HealthcareFinanceNews: https://www.healthcarefinancenews.com/rss
2025-06-04T18:51:45.462851 | NO ENTRIES | NEJMCatalyst: https://catalyst.nejm.org/rss
2025-06-04T18:51:45.913040 | NO ENTRIES | HarvardHealthBlog: https://www.health.harvard.edu/blog/feed
2025-06-04T19:36:47.539431 | NO ENTRIES | HHS: https://www.hhs.gov/rss/blog.xml
2025-06-04T19:36:51.196513 | NO ENTRIES | FDA: https://www.fda.gov/news-events/press-announcements.rss
2025-06-04T19:36:51.401370 | NO ENTRIES | CMS: https://www.cms.gov/newsroom/rss-feed
2025-06-04T19:36:51.612260 | NO ENTRIES | NIH: https://www.nih.gov/news-releases/feed.xml
2025-06-04T19:36:55.815167 | NO ENTRIES | HealthCanada: https://www.canada.ca/en/health-canada/news.rss
2025-06-04T19:36:56.988973 | NO ENTRIES | AHA: https://www.aha.org/rss.xml
2025-06-04T19:36:59.094718 | NO ENTRIES | MedPageToday: https://www.medpagetoday.com/rss
2025-06-04T19:36:59.407526 | NO ENTRIES | NEJM: https://www.nejm.org/nejm/rss.xml
2025-06-04T19:36:59.973545 | NO ENTRIES | JAMA: https://jamanetwork.com/rss/site_12/0.xml
2025-06-04T19:37:00.755580 | NO ENTRIES | Healio: https://www.healio.com/rss
2025-06-04T19:37:00.832555 | NO ENTRIES | ModernHealthcare: https://www.modernhealthcare.com/section/rss
2025-06-04T19:37:01.563915 | NO ENTRIES | FiercePharma: https://www.fiercepharma.com/rss
2025-06-04T19:37:02.384884 | NO ENTRIES | FierceBiotech: https://www.fiercebiotech.com/rss
2025-06-04T19:37:03.529071 | NO ENTRIES | Medscape: https://www.medscape.com/rss/public
2025-06-04T19:37:03.562582 | NO ENTRIES | Reuters_HealthNews: http://feeds.reuters.com/reuters/healthNews
2025-06-04T19:37:04.930979 | NO ENTRIES | EpochTimes_Health: https://www.theepochtimes.com/c-health/feed
2025-06-04T19:37:05.744025 | NO ENTRIES | EpochTimes_Science: https://www.theepochtimes.com/c-science/feed
2025-06-04T19:37:06.359605 | NO ENTRIES | WHO_EMRO_News: https://www.emro.who.int/index.php?option=com_mediarss&feed_id=1&format=raw
2025-06-04T19:37:07.002483 | NO ENTRIES | WHO_EMRO_Publications: https://www.emro.who.int/index.php?option=com_mediarss&feed_id=2&format=raw
2025-06-04T19:37:07.619010 | NO ENTRIES | WHO_EMRO_Events: https://www.emro.who.int/index.php?option=com_mediarss&feed_id=3&format=raw
2025-06-04T19:37:08.195393 | NO ENTRIES | WHO_EMRO_Statements: https://www.emro.who.int/index.php?option=com_mediarss&feed_id=4&format=raw
2025-06-04T19:37:08.799507 | NO ENTRIES | WHO_EMRO_PressReleases: https://www.emro.who.int/index.php?option=com_mediarss&feed_id=5&format=raw
2025-06-04T19:37:09.692564 | NO ENTRIES | HealthcareITNews: https://www.healthcareitnews.com/rss
2025-06-04T19:37:10.157812 | NO ENTRIES | HealthITAnalytics: https://healthitanalytics.com/rss
2025-06-04T19:37:10.673861 | NO ENTRIES | HealthcareInformatics: https://www.hcinnovationgroup.com/rss
2025-06-04T19:37:11.113613 | NO ENTRIES | MedTechDive: https://www.medtechdive.com/rss
2025-06-04T19:37:11.763667 | NO ENTRIES | FierceHealthcare: https://www.fiercehealthcare.com/rss
2025-06-04T19:37:11.973105 | NO ENTRIES | HealthDataManagement: https://www.healthdatamanagement.com/rss
2025-06-04T19:37:12.418007 | NO ENTRIES | JournalAHIMA: https://journal.ahima.org/rss
2025-06-04T19:37:14.370979 | NO ENTRIES | ONC: https://www.healthit.gov/rss
2025-06-04T19:37:15.586546 | NO ENTRIES | HealthTechMagazine: https://healthtechmagazine.net/rss
2025-06-04T19:37:16.158931 | NO ENTRIES | MobiHealthNews: https://www.mobihealthnews.com/rss
2025-06-04T19:37:16.306097 | NO ENTRIES | HealthcareEconomist: https://healthcare-economist.com/feed
2025-06-04T19:37:16.775195 | NO ENTRIES | HealthITSecurity: https://healthitsecurity.com/rss
2025-06-04T19:37:17.053914 | NO ENTRIES | HealthcareFinanceNews: https://www.healthcarefinancenews.com/rss
2025-06-04T19:37:17.204163 | NO ENTRIES | NEJMCatalyst: https://catalyst.nejm.org/rss
2025-06-04T19:37:17.650265 | NO ENTRIES | HarvardHealthBlog: https://www.health.harvard.edu/blog/feed
